-------------------------------------------------------------------------------
Test set: TestSuite
-------------------------------------------------------------------------------
Tests run: 2, Failures: 1, Errors: 0, Skipped: 1, Time elapsed: 0.58 sec <<< FAILURE! - in TestSuite
launchApp(com.Script.LoginScript)  Time elapsed: 0.303 sec  <<< FAILURE!
java.lang.NoClassDefFoundError: org/openqa/selenium/logging/LoggingHandler
Caused by: java.lang.ClassNotFoundException: org.openqa.selenium.logging.LoggingHandler

